1709903505.636086 client started (8634): version 3.3a, socket /tmp/tmux-1000/default, protocol 8
1709903505.636163 on Linux 4.4.0-19041-Microsoft #3996-Microsoft Thu Jan 18 16:36:00 PST 2024
1709903505.636195 using libevent 2.1.12-stable (poll); ncurses 6.3
1709903505.636215 flags are 0x18010000
1709903505.636225 socket is /tmp/tmux-1000/default
1709903505.636241 trying connect
1709903505.636362 add peer 0x7fffc62d8120: 6 ((nil))
1709903505.637006 sending message 100 to peer 0x7fffc62d8120 (4 bytes)
1709903505.637771 sending message 111 to peer 0x7fffc62d8120 (8 bytes)
1709903505.637800 sending message 101 to peer 0x7fffc62d8120 (15 bytes)
1709903505.637805 sending message 109 to peer 0x7fffc62d8120 (4 bytes)
1709903505.637811 sending message 102 to peer 0x7fffc62d8120 (10 bytes)
1709903505.637816 sending message 108 to peer 0x7fffc62d8120 (23 bytes)
1709903505.637821 sending message 112 to peer 0x7fffc62d8120 (58 bytes)
1709903505.637826 sending message 112 to peer 0x7fffc62d8120 (5 bytes)
1709903505.637832 sending message 112 to peer 0x7fffc62d8120 (5 bytes)
1709903505.637837 sending message 112 to peer 0x7fffc62d8120 (6 bytes)
1709903505.637842 sending message 112 to peer 0x7fffc62d8120 (6 bytes)
1709903505.637847 sending message 112 to peer 0x7fffc62d8120 (11 bytes)
1709903505.637852 sending message 112 to peer 0x7fffc62d8120 (10 bytes)
1709903505.637857 sending message 112 to peer 0x7fffc62d8120 (13 bytes)
1709903505.637863 sending message 112 to peer 0x7fffc62d8120 (14 bytes)
1709903505.637868 sending message 112 to peer 0x7fffc62d8120 (19 bytes)
1709903505.637874 sending message 112 to peer 0x7fffc62d8120 (11 bytes)
1709903505.637879 sending message 112 to peer 0x7fffc62d8120 (10 bytes)
1709903505.637885 sending message 112 to peer 0x7fffc62d8120 (15 bytes)
1709903505.637890 sending message 112 to peer 0x7fffc62d8120 (21 bytes)
1709903505.637895 sending message 112 to peer 0x7fffc62d8120 (13 bytes)
1709903505.637900 sending message 112 to peer 0x7fffc62d8120 (7 bytes)
1709903505.637906 sending message 112 to peer 0x7fffc62d8120 (13 bytes)
1709903505.637911 sending message 112 to peer 0x7fffc62d8120 (7 bytes)
1709903505.637917 sending message 112 to peer 0x7fffc62d8120 (13 bytes)
1709903505.637922 sending message 112 to peer 0x7fffc62d8120 (9 bytes)
1709903505.637927 sending message 112 to peer 0x7fffc62d8120 (21 bytes)
1709903505.637932 sending message 112 to peer 0x7fffc62d8120 (13 bytes)
1709903505.637937 sending message 112 to peer 0x7fffc62d8120 (9 bytes)
1709903505.637943 sending message 112 to peer 0x7fffc62d8120 (16 bytes)
1709903505.637948 sending message 112 to peer 0x7fffc62d8120 (13 bytes)
1709903505.637953 sending message 112 to peer 0x7fffc62d8120 (9 bytes)
1709903505.637958 sending message 112 to peer 0x7fffc62d8120 (9 bytes)
1709903505.637963 sending message 112 to peer 0x7fffc62d8120 (12 bytes)
1709903505.637968 sending message 112 to peer 0x7fffc62d8120 (8 bytes)
1709903505.637973 sending message 112 to peer 0x7fffc62d8120 (8 bytes)
1709903505.637978 sending message 112 to peer 0x7fffc62d8120 (13 bytes)
1709903505.637983 sending message 112 to peer 0x7fffc62d8120 (7 bytes)
1709903505.637988 sending message 112 to peer 0x7fffc62d8120 (7 bytes)
1709903505.637993 sending message 112 to peer 0x7fffc62d8120 (9 bytes)
1709903505.637999 sending message 112 to peer 0x7fffc62d8120 (9 bytes)
1709903505.638004 sending message 112 to peer 0x7fffc62d8120 (15 bytes)
1709903505.638009 sending message 112 to peer 0x7fffc62d8120 (13 bytes)
1709903505.638014 sending message 112 to peer 0x7fffc62d8120 (12 bytes)
1709903505.638019 sending message 112 to peer 0x7fffc62d8120 (8 bytes)
1709903505.638024 sending message 112 to peer 0x7fffc62d8120 (14 bytes)
1709903505.638029 sending message 112 to peer 0x7fffc62d8120 (11 bytes)
1709903505.638034 sending message 112 to peer 0x7fffc62d8120 (9 bytes)
1709903505.638039 sending message 112 to peer 0x7fffc62d8120 (10 bytes)
1709903505.638045 sending message 112 to peer 0x7fffc62d8120 (10 bytes)
1709903505.638050 sending message 112 to peer 0x7fffc62d8120 (10 bytes)
1709903505.638055 sending message 112 to peer 0x7fffc62d8120 (10 bytes)
1709903505.638091 sending message 112 to peer 0x7fffc62d8120 (11 bytes)
1709903505.638098 sending message 112 to peer 0x7fffc62d8120 (12 bytes)
1709903505.638103 sending message 112 to peer 0x7fffc62d8120 (12 bytes)
1709903505.638108 sending message 112 to peer 0x7fffc62d8120 (12 bytes)
1709903505.638114 sending message 112 to peer 0x7fffc62d8120 (12 bytes)
1709903505.638119 sending message 112 to peer 0x7fffc62d8120 (12 bytes)
1709903505.638124 sending message 112 to peer 0x7fffc62d8120 (11 bytes)
1709903505.638129 sending message 112 to peer 0x7fffc62d8120 (11 bytes)
1709903505.638134 sending message 112 to peer 0x7fffc62d8120 (12 bytes)
1709903505.638139 sending message 112 to peer 0x7fffc62d8120 (12 bytes)
1709903505.638144 sending message 112 to peer 0x7fffc62d8120 (12 bytes)
1709903505.638150 sending message 112 to peer 0x7fffc62d8120 (12 bytes)
1709903505.638155 sending message 112 to peer 0x7fffc62d8120 (12 bytes)
1709903505.638160 sending message 112 to peer 0x7fffc62d8120 (9 bytes)
1709903505.638165 sending message 112 to peer 0x7fffc62d8120 (12 bytes)
1709903505.638170 sending message 112 to peer 0x7fffc62d8120 (13 bytes)
1709903505.638175 sending message 112 to peer 0x7fffc62d8120 (13 bytes)
1709903505.638180 sending message 112 to peer 0x7fffc62d8120 (13 bytes)
1709903505.638185 sending message 112 to peer 0x7fffc62d8120 (13 bytes)
1709903505.638191 sending message 112 to peer 0x7fffc62d8120 (13 bytes)
1709903505.638196 sending message 112 to peer 0x7fffc62d8120 (8 bytes)
1709903505.638201 sending message 112 to peer 0x7fffc62d8120 (11 bytes)
1709903505.638206 sending message 112 to peer 0x7fffc62d8120 (11 bytes)
1709903505.638211 sending message 112 to peer 0x7fffc62d8120 (11 bytes)
1709903505.638216 sending message 112 to peer 0x7fffc62d8120 (12 bytes)
1709903505.638221 sending message 112 to peer 0x7fffc62d8120 (12 bytes)
1709903505.638226 sending message 112 to peer 0x7fffc62d8120 (12 bytes)
1709903505.638232 sending message 112 to peer 0x7fffc62d8120 (12 bytes)
1709903505.638238 sending message 112 to peer 0x7fffc62d8120 (13 bytes)
1709903505.638243 sending message 112 to peer 0x7fffc62d8120 (13 bytes)
1709903505.638249 sending message 112 to peer 0x7fffc62d8120 (13 bytes)
1709903505.638254 sending message 112 to peer 0x7fffc62d8120 (8 bytes)
1709903505.638259 sending message 112 to peer 0x7fffc62d8120 (13 bytes)
1709903505.638264 sending message 112 to peer 0x7fffc62d8120 (13 bytes)
1709903505.638269 sending message 112 to peer 0x7fffc62d8120 (13 bytes)
1709903505.638274 sending message 112 to peer 0x7fffc62d8120 (13 bytes)
1709903505.638280 sending message 112 to peer 0x7fffc62d8120 (13 bytes)
1709903505.638285 sending message 112 to peer 0x7fffc62d8120 (12 bytes)
1709903505.638290 sending message 112 to peer 0x7fffc62d8120 (12 bytes)
1709903505.638295 sending message 112 to peer 0x7fffc62d8120 (12 bytes)
1709903505.638300 sending message 112 to peer 0x7fffc62d8120 (12 bytes)
1709903505.638305 sending message 112 to peer 0x7fffc62d8120 (13 bytes)
1709903505.638311 sending message 112 to peer 0x7fffc62d8120 (8 bytes)
1709903505.638315 sending message 112 to peer 0x7fffc62d8120 (13 bytes)
1709903505.638320 sending message 112 to peer 0x7fffc62d8120 (13 bytes)
1709903505.638325 sending message 112 to peer 0x7fffc62d8120 (13 bytes)
1709903505.638330 sending message 112 to peer 0x7fffc62d8120 (13 bytes)
1709903505.638335 sending message 112 to peer 0x7fffc62d8120 (13 bytes)
1709903505.638340 sending message 112 to peer 0x7fffc62d8120 (13 bytes)
1709903505.638345 sending message 112 to peer 0x7fffc62d8120 (13 bytes)
1709903505.638350 sending message 112 to peer 0x7fffc62d8120 (12 bytes)
1709903505.638355 sending message 112 to peer 0x7fffc62d8120 (12 bytes)
1709903505.638361 sending message 112 to peer 0x7fffc62d8120 (12 bytes)
1709903505.638366 sending message 112 to peer 0x7fffc62d8120 (8 bytes)
1709903505.638371 sending message 112 to peer 0x7fffc62d8120 (12 bytes)
1709903505.638376 sending message 112 to peer 0x7fffc62d8120 (13 bytes)
1709903505.638382 sending message 112 to peer 0x7fffc62d8120 (13 bytes)
1709903505.638403 sending message 112 to peer 0x7fffc62d8120 (13 bytes)
1709903505.638409 sending message 112 to peer 0x7fffc62d8120 (13 bytes)
1709903505.638414 sending message 112 to peer 0x7fffc62d8120 (13 bytes)
1709903505.638420 sending message 112 to peer 0x7fffc62d8120 (13 bytes)
1709903505.638425 sending message 112 to peer 0x7fffc62d8120 (13 bytes)
1709903505.638430 sending message 112 to peer 0x7fffc62d8120 (13 bytes)
1709903505.638435 sending message 112 to peer 0x7fffc62d8120 (12 bytes)
1709903505.638440 sending message 112 to peer 0x7fffc62d8120 (10 bytes)
1709903505.638445 sending message 112 to peer 0x7fffc62d8120 (12 bytes)
1709903505.638450 sending message 112 to peer 0x7fffc62d8120 (12 bytes)
1709903505.638455 sending message 112 to peer 0x7fffc62d8120 (12 bytes)
1709903505.638461 sending message 112 to peer 0x7fffc62d8120 (13 bytes)
1709903505.638466 sending message 112 to peer 0x7fffc62d8120 (13 bytes)
1709903505.638471 sending message 112 to peer 0x7fffc62d8120 (13 bytes)
1709903505.638476 sending message 112 to peer 0x7fffc62d8120 (13 bytes)
1709903505.638482 sending message 112 to peer 0x7fffc62d8120 (13 bytes)
1709903505.638487 sending message 112 to peer 0x7fffc62d8120 (13 bytes)
1709903505.638492 sending message 112 to peer 0x7fffc62d8120 (13 bytes)
1709903505.638498 sending message 112 to peer 0x7fffc62d8120 (10 bytes)
1709903505.638503 sending message 112 to peer 0x7fffc62d8120 (13 bytes)
1709903505.638507 sending message 112 to peer 0x7fffc62d8120 (12 bytes)
1709903505.638513 sending message 112 to peer 0x7fffc62d8120 (12 bytes)
1709903505.638518 sending message 112 to peer 0x7fffc62d8120 (12 bytes)
1709903505.638523 sending message 112 to peer 0x7fffc62d8120 (10 bytes)
1709903505.638528 sending message 112 to peer 0x7fffc62d8120 (10 bytes)
1709903505.638534 sending message 112 to peer 0x7fffc62d8120 (10 bytes)
1709903505.638539 sending message 112 to peer 0x7fffc62d8120 (12 bytes)
1709903505.638544 sending message 112 to peer 0x7fffc62d8120 (13 bytes)
1709903505.638549 sending message 112 to peer 0x7fffc62d8120 (13 bytes)
1709903505.638554 sending message 112 to peer 0x7fffc62d8120 (13 bytes)
1709903505.638559 sending message 112 to peer 0x7fffc62d8120 (13 bytes)
1709903505.638564 sending message 112 to peer 0x7fffc62d8120 (13 bytes)
1709903505.638569 sending message 112 to peer 0x7fffc62d8120 (10 bytes)
1709903505.638574 sending message 112 to peer 0x7fffc62d8120 (11 bytes)
1709903505.638579 sending message 112 to peer 0x7fffc62d8120 (12 bytes)
1709903505.638584 sending message 112 to peer 0x7fffc62d8120 (12 bytes)
1709903505.638590 sending message 112 to peer 0x7fffc62d8120 (12 bytes)
1709903505.638595 sending message 112 to peer 0x7fffc62d8120 (12 bytes)
1709903505.638600 sending message 112 to peer 0x7fffc62d8120 (12 bytes)
1709903505.638605 sending message 112 to peer 0x7fffc62d8120 (11 bytes)
1709903505.638610 sending message 112 to peer 0x7fffc62d8120 (12 bytes)
1709903505.638615 sending message 112 to peer 0x7fffc62d8120 (12 bytes)
1709903505.638621 sending message 112 to peer 0x7fffc62d8120 (13 bytes)
1709903505.638626 sending message 112 to peer 0x7fffc62d8120 (13 bytes)
1709903505.638631 sending message 112 to peer 0x7fffc62d8120 (13 bytes)
1709903505.638636 sending message 112 to peer 0x7fffc62d8120 (13 bytes)
1709903505.638641 sending message 112 to peer 0x7fffc62d8120 (13 bytes)
1709903505.638646 sending message 112 to peer 0x7fffc62d8120 (10 bytes)
1709903505.638651 sending message 112 to peer 0x7fffc62d8120 (9 bytes)
1709903505.638656 sending message 112 to peer 0x7fffc62d8120 (12 bytes)
1709903505.638661 sending message 112 to peer 0x7fffc62d8120 (13 bytes)
1709903505.638666 sending message 112 to peer 0x7fffc62d8120 (13 bytes)
1709903505.638672 sending message 112 to peer 0x7fffc62d8120 (13 bytes)
1709903505.638677 sending message 112 to peer 0x7fffc62d8120 (13 bytes)
1709903505.638682 sending message 112 to peer 0x7fffc62d8120 (13 bytes)
1709903505.638687 sending message 112 to peer 0x7fffc62d8120 (9 bytes)
1709903505.638692 sending message 112 to peer 0x7fffc62d8120 (12 bytes)
1709903505.638698 sending message 112 to peer 0x7fffc62d8120 (13 bytes)
1709903505.638703 sending message 112 to peer 0x7fffc62d8120 (13 bytes)
1709903505.638709 sending message 112 to peer 0x7fffc62d8120 (13 bytes)
1709903505.638714 sending message 112 to peer 0x7fffc62d8120 (13 bytes)
1709903505.638719 sending message 112 to peer 0x7fffc62d8120 (13 bytes)
1709903505.638724 sending message 112 to peer 0x7fffc62d8120 (11 bytes)
1709903505.638730 sending message 112 to peer 0x7fffc62d8120 (12 bytes)
1709903505.638735 sending message 112 to peer 0x7fffc62d8120 (13 bytes)
1709903505.638740 sending message 112 to peer 0x7fffc62d8120 (13 bytes)
1709903505.638745 sending message 112 to peer 0x7fffc62d8120 (13 bytes)
1709903505.638756 sending message 112 to peer 0x7fffc62d8120 (13 bytes)
1709903505.638762 sending message 112 to peer 0x7fffc62d8120 (13 bytes)
1709903505.638767 sending message 112 to peer 0x7fffc62d8120 (11 bytes)
1709903505.638772 sending message 112 to peer 0x7fffc62d8120 (12 bytes)
1709903505.638777 sending message 112 to peer 0x7fffc62d8120 (12 bytes)
1709903505.638782 sending message 112 to peer 0x7fffc62d8120 (12 bytes)
1709903505.638788 sending message 112 to peer 0x7fffc62d8120 (12 bytes)
1709903505.638793 sending message 112 to peer 0x7fffc62d8120 (12 bytes)
1709903505.638798 sending message 112 to peer 0x7fffc62d8120 (21 bytes)
1709903505.638803 sending message 112 to peer 0x7fffc62d8120 (12 bytes)
1709903505.638809 sending message 112 to peer 0x7fffc62d8120 (9 bytes)
1709903505.638814 sending message 112 to peer 0x7fffc62d8120 (6 bytes)
1709903505.638819 sending message 112 to peer 0x7fffc62d8120 (13 bytes)
1709903505.638824 sending message 112 to peer 0x7fffc62d8120 (10 bytes)
1709903505.638829 sending message 112 to peer 0x7fffc62d8120 (24 bytes)
1709903505.638834 sending message 112 to peer 0x7fffc62d8120 (13 bytes)
1709903505.638839 sending message 112 to peer 0x7fffc62d8120 (9 bytes)
1709903505.638844 sending message 112 to peer 0x7fffc62d8120 (70 bytes)
1709903505.638850 sending message 112 to peer 0x7fffc62d8120 (69 bytes)
1709903505.638855 sending message 112 to peer 0x7fffc62d8120 (12 bytes)
1709903505.638860 sending message 112 to peer 0x7fffc62d8120 (10 bytes)
1709903505.638865 sending message 112 to peer 0x7fffc62d8120 (10 bytes)
1709903505.638870 sending message 112 to peer 0x7fffc62d8120 (24 bytes)
1709903505.638875 sending message 112 to peer 0x7fffc62d8120 (13 bytes)
1709903505.638881 sending message 112 to peer 0x7fffc62d8120 (10 bytes)
1709903505.638886 sending message 112 to peer 0x7fffc62d8120 (10 bytes)
1709903505.638891 sending message 112 to peer 0x7fffc62d8120 (10 bytes)
1709903505.638896 sending message 112 to peer 0x7fffc62d8120 (13 bytes)
1709903505.638901 sending message 112 to peer 0x7fffc62d8120 (15 bytes)
1709903505.638906 sending message 112 to peer 0x7fffc62d8120 (5 bytes)
1709903505.638915 sending message 104 to peer 0x7fffc62d8120 (0 bytes)
1709903505.638922 sending message 110 to peer 0x7fffc62d8120 (0 bytes)
1709903505.638928 sending message 107 to peer 0x7fffc62d8120 (4 bytes)
1709903505.638933 sending message 105 to peer 0x7fffc62d8120 (16 bytes)
1709903505.638938 sending message 105 to peer 0x7fffc62d8120 (17 bytes)
1709903505.638943 sending message 105 to peer 0x7fffc62d8120 (83 bytes)
1709903505.638949 sending message 105 to peer 0x7fffc62d8120 (20 bytes)
1709903505.638954 sending message 105 to peer 0x7fffc62d8120 (33 bytes)
1709903505.638960 sending message 105 to peer 0x7fffc62d8120 (48 bytes)
1709903505.638965 sending message 105 to peer 0x7fffc62d8120 (53 bytes)
1709903505.638970 sending message 105 to peer 0x7fffc62d8120 (21 bytes)
1709903505.638975 sending message 105 to peer 0x7fffc62d8120 (14 bytes)
1709903505.638980 sending message 105 to peer 0x7fffc62d8120 (8 bytes)
1709903505.638985 sending message 105 to peer 0x7fffc62d8120 (11 bytes)
1709903505.638990 sending message 105 to peer 0x7fffc62d8120 (15 bytes)
1709903505.638995 sending message 105 to peer 0x7fffc62d8120 (23 bytes)
1709903505.639001 sending message 105 to peer 0x7fffc62d8120 (8 bytes)
1709903505.639020 sending message 105 to peer 0x7fffc62d8120 (27 bytes)
1709903505.639026 sending message 105 to peer 0x7fffc62d8120 (16 bytes)
1709903505.639031 sending message 105 to peer 0x7fffc62d8120 (41 bytes)
1709903505.639036 sending message 105 to peer 0x7fffc62d8120 (23 bytes)
1709903505.639041 sending message 105 to peer 0x7fffc62d8120 (14 bytes)
1709903505.639046 sending message 105 to peer 0x7fffc62d8120 (29 bytes)
1709903505.639052 sending message 105 to peer 0x7fffc62d8120 (28 bytes)
1709903505.639057 sending message 105 to peer 0x7fffc62d8120 (21 bytes)
1709903505.639062 sending message 105 to peer 0x7fffc62d8120 (12 bytes)
1709903505.639067 sending message 106 to peer 0x7fffc62d8120 (0 bytes)
1709903505.639217 sending message 200 to peer 0x7fffc62d8120 (4 bytes)
1709903505.639223 client loop enter
1709903505.646137 peer 0x7fffc62d8120 message 207
1709903505.646152 sending message 208 to peer 0x7fffc62d8120 (0 bytes)
1709903510.142714 peer 0x7fffc62d8120 message 201
1709903510.142747 sending message 205 to peer 0x7fffc62d8120 (0 bytes)
1709903510.143931 peer 0x7fffc62d8120 message 204
1709903510.143943 client loop exit
